<?xml version="1.0" encoding="UTF-8"?>
<con:testCase id="ed61e390-727f-4cee-af6f-ad149507b363" discardOkResults="false" failOnError="true" failTestCaseOnErrors="true" keepSession="false" name="Test Case 1" searchProperties="true" timeout="0" xmlns:con="http://eviware.com/soapui/config"><con:settings><con:setting id="ed61e390-727f-4cee-af6f-ad149507b363fileName">Test-Case-1</con:setting></con:settings><con:testStep type="datasource" name="Data Source" id="2af9e915-f43c-4d48-8fe2-c54ae18fa5b4"><con:settings/><con:config xsi:type="con:DataSourceStep" xmlns:xsi="http://www.w3.org/2001/XMLSchema-instance"><con:dataSource type="Excel"><con:configuration><file>C:/Users/s.venkateswaran/Downloads/sample.xls</file><worksheet>Sheet1</worksheet><cell>A2</cell><ignoreEmpty>true</ignoreEmpty><evaluateFormulas>false</evaluateFormulas></con:configuration></con:dataSource><con:shared>true</con:shared><con:restartShared>true</con:restartShared><con:property>FirstName</con:property><con:property>MiddleName</con:property><con:property>LastName</con:property><con:completeLastOperation>true</con:completeLastOperation><con:restartOnRun>true</con:restartOnRun></con:config></con:testStep><con:testStep type="restrequest" name="REST Request" id="46274946-43b0-4f72-9094-4d07d19333d3"><con:settings/><con:config service="AddStudent" resourcePath="/api/studentsDetails" methodName="Method 1" xsi:type="con:RestRequestStep" xmlns:xsi="http://www.w3.org/2001/XMLSchema-instance"><con:restRequest name="REST Request" id="9a55a4ea-3725-4d75-b14f-981d6f49b2f8" mediaType="application/json" postQueryString="false"><con:settings><con:setting id="com.eviware.soapui.impl.wsdl.WsdlRequest@request-headers">&lt;xml-fragment/></con:setting></con:settings><con:endpoint>https://thetestingworldapi.com</con:endpoint><con:request>{
  "first_name": "${Data Source#FirstName}",
  "middle_name": "${Data Source#MiddleName}",
  "last_name": "${Data Source#LastName}",
  "date_of_birth": "10Aug"
}</con:request><con:originalUri>https://thetestingworldapi.com/api/studentsDetails</con:originalUri><con:credentials><con:selectedAuthProfile>No Authorization</con:selectedAuthProfile><con:authType>No Authorization</con:authType></con:credentials><con:jmsConfig JMSDeliveryMode="PERSISTENT"/><con:parameters/></con:restRequest></con:config></con:testStep><con:testStep type="transfer" name="PropertyTransfer 1" id="534b0f3e-0ea6-4077-8132-45554f94b190"><con:settings/><con:config xsi:type="con:PropertyTransfersStep" xmlns:xsi="http://www.w3.org/2001/XMLSchema-instance"><con:transfers setNullOnMissingSource="true" transferTextContent="true" failOnError="true" ignoreEmpty="false" transferToAll="false" entitize="false" transferChildNodes="false"><con:name>id</con:name><con:sourceType>Response</con:sourceType><con:sourceStep>REST Request</con:sourceStep><con:sourcePath>$['id']</con:sourcePath><con:targetType>StudentId</con:targetType><con:targetStep>Student_Prop</con:targetStep><con:targetPath/><con:type>JSONPATH</con:type><con:upgraded>true</con:upgraded></con:transfers></con:config></con:testStep><con:testStep type="properties" name="Student_Prop" id="99931855-333d-4f5f-8b81-826723b7fdf4"><con:settings/><con:config xsi:type="con:PropertiesStep" saveFirst="true" xmlns:xsi="http://www.w3.org/2001/XMLSchema-instance"><con:properties><con:property><con:name>StudentId</con:name><con:value>7388193</con:value></con:property></con:properties></con:config></con:testStep><con:testStep type="datasink" name="Data Sink" id="90931097-15eb-4227-b1ba-1cb2e20678e3"><con:settings/><con:config xsi:type="con:DataSinkStep" xmlns:xsi="http://www.w3.org/2001/XMLSchema-instance"><con:dataSink type="Excel"><con:configuration><file/><outfile>C:/Users/s.venkateswaran/Downloads/datasink.xls</outfile><worksheet>Sheet1</worksheet><cell>A2</cell><evaluateFormulas>false</evaluateFormulas><append>false</append></con:configuration></con:dataSink><con:properties><con:property><con:name>ID</con:name><con:value>${Student_Prop#StudentId}</con:value></con:property></con:properties></con:config></con:testStep><con:testStep type="restrequest" name="REST Request 2" id="bc97e905-498e-4c4f-bf15-c8f0b39ddf4c"><con:settings/><con:config service="DeleteStudent" resourcePath="/api/studentsDetails/{id}" methodName="Method 1" xsi:type="con:RestRequestStep" xmlns:xsi="http://www.w3.org/2001/XMLSchema-instance"><con:restRequest name="REST Request 2" id="fa1f218e-a89f-4e6d-80a2-68c18216b4c0" mediaType="application/json" postQueryString="false"><con:settings><con:setting id="com.eviware.soapui.impl.wsdl.WsdlRequest@request-headers">&lt;xml-fragment/></con:setting></con:settings><con:endpoint>https://thetestingworldapi.com</con:endpoint><con:request/><con:originalUri>https://thetestingworldapi.com/api/studentsDetails/7387863</con:originalUri><con:credentials><con:selectedAuthProfile>No Authorization</con:selectedAuthProfile><con:authType>No Authorization</con:authType></con:credentials><con:jmsConfig JMSDeliveryMode="PERSISTENT"/><con:parameters><con:entry key="id" value="${Student_Prop#StudentId}"/></con:parameters><con:parameterOrder><con:entry>id</con:entry></con:parameterOrder></con:restRequest></con:config></con:testStep><con:testStep type="datasourceloop" name="Data Source Loop" id="309070ee-f862-4ef7-b014-6c61657764de"><con:settings/><con:config><dataSourceStep>Data Source</dataSourceStep><targetStep>REST Request</targetStep><discardResults>true</discardResults></con:config></con:testStep><con:properties><con:property><con:name>FirstName</con:name><con:value>First</con:value></con:property><con:property><con:name>MiddleName</con:name><con:value>Middle</con:value></con:property><con:property><con:name>LastName</con:name><con:value>Last</con:value></con:property></con:properties><con:reportParameters/></con:testCase>