<?xml version="1.0" encoding="UTF-8"?>
<con:testCase id="6b4f88f3-a90d-4236-8852-c5f8a8cdfbb6" discardOkResults="false" failOnError="true" failTestCaseOnErrors="true" keepSession="false" name="Test Case 2" searchProperties="true" timeout="0" xmlns:con="http://eviware.com/soapui/config"><con:settings><con:setting id="6b4f88f3-a90d-4236-8852-c5f8a8cdfbb6fileName">Test-Case-2</con:setting></con:settings><con:testStep type="restrequest" name="REST Request" id="cd1c3a2c-d29b-4a10-91a6-11f31073c6de"><con:settings/><con:config service="AddStudent" resourcePath="/api/studentsDetails" methodName="Method 1" xsi:type="con:RestRequestStep" xmlns:xsi="http://www.w3.org/2001/XMLSchema-instance"><con:restRequest name="REST Request" id="9a55a4ea-3725-4d75-b14f-981d6f49b2f8" mediaType="application/json" postQueryString="false"><con:settings><con:setting id="com.eviware.soapui.impl.wsdl.WsdlRequest@request-headers">&lt;xml-fragment/></con:setting></con:settings><con:endpoint>https://thetestingworldapi.com</con:endpoint><con:request/><con:originalUri>https://thetestingworldapi.com/api/studentsDetails</con:originalUri><con:credentials><con:selectedAuthProfile>No Authorization</con:selectedAuthProfile><con:authType>No Authorization</con:authType></con:credentials><con:jmsConfig JMSDeliveryMode="PERSISTENT"/><con:parameters/></con:restRequest></con:config></con:testStep><con:properties/><con:reportParameters/></con:testCase>